
                                                                                                         Andre Agrippa, A2


ITEM     ITEM      QTY     UNIT          EXTENDED       DISCOUNT        NET PRICE     CLASS     TRANS       TRANSPORTATION #   DESCRIPTION           PRICE         PRICE          AMOUNT                                    %             CHARGE


1111 1ST PLACE MDL 111       0.01            1.11         0.00              1.11        A       12.5%              0.14

2047 TYPEWRITER    105     801.00       84,105.00     4,205.25         79,899.75        B        0.0%             45.00

1742 HANDLE         20      10.00          200.00        10.00            190.00        A       12.5%             25.00

2149 USB DRIVE     150   1,200.00      180,000.00         0.00        180,000.00        C        0.0%             45.00

3761 TAPE            5   5,000.00       25,000.00         0.00         25,000.00        D        8.5%          2,125.00

2791 BOLTS         200       0.75          150.00         7.50            142.50        A       12.5%             18.75

3000 STAPLER       100       2.00          200.00        10.00            190.00        F        4.5%              9.00

3001 OVERHEAD PROJ 101      99.99       10,098.99       504.95          9,594.04        F        4.5%            454.45

3002 PENCILS        99       0.09            8.91         0.00              8.91        F        4.5%              0.40

4001 CANADIAN RUGS 184     150.29       27,653.36         0.00         27,653.36        D        8.5%          2,350.54

4003 CARPET         50      40.00        2,000.00         0.00          2,000.00        Z        6.5%            130.00

4005 WASTE BASKETS   1       3.79            3.79         0.00              3.79        C        6.5%              0.25

5001 HINGES         10      10.00          100.00         0.00            100.00        A       12.5%             12.50

5003 PENS (GOLD)    10      49.99          499.90        25.00            474.90        B        6.5%             32.49

5004 PENS (BLACK)  400       2.00          800.00         0.00            800.00        D        8.5%             68.00

8888 HIGH CHAIR    999   9,999.99    9,989,990.01   499,499.50      9,490,490.51        A       12.5%      1,248,748.75

8889 PLAY PEN      412      74.99       30,895.88     1,544.79         29,351.09        B        0.0%             45.00

0001 LOW BALL        1       0.01            0.01         0.00              0.01        G        6.5%              0.00

9999 LAST RECORD   999       0.01            9.99         0.00              9.99        A       12.5%              1.25


                                   $10,351,716.95                  $9,845,909.96                          $1,254,111.52
ITEMS WITHOUT DISCOUNT 57.9%